Determining if the pthread_create exist failed with the following output:
Change Dir: /home/flavien/inmoov_python3_ws/build/CMakeFiles/CMakeTmp

Run Build Command:"/usr/bin/make" "cmTC_3f493/fast"
/usr/bin/make -f CMakeFiles/cmTC_3f493.dir/build.make CMakeFiles/cmTC_3f493.dir/build
make[1] : on entre dans le répertoire « /home/flavien/inmoov_python3_ws/build/CMakeFiles/CMakeTmp »
Building C object CMakeFiles/cmTC_3f493.dir/CheckSymbolExists.c.o
/usr/bin/cc    -o CMakeFiles/cmTC_3f493.dir/CheckSymbolExists.c.o   -c /home/flavien/inmoov_python3_ws/build/CMakeFiles/CMakeTmp/CheckSymbolExists.c
Linking C executable cmTC_3f493
/usr/bin/cmake -E cmake_link_script CMakeFiles/cmTC_3f493.dir/link.txt --verbose=1
/usr/bin/cc      -rdynamic CMakeFiles/cmTC_3f493.dir/CheckSymbolExists.c.o  -o cmTC_3f493 
CMakeFiles/cmTC_3f493.dir/CheckSymbolExists.c.o : Dans la fonction « main » :
CheckSymbolExists.c:(.text+0x1b) : référence indéfinie vers « pthread_create »
collect2: error: ld returned 1 exit status
CMakeFiles/cmTC_3f493.dir/build.make:97: recipe for target 'cmTC_3f493' failed
make[1]: *** [cmTC_3f493] Error 1
make[1] : on quitte le répertoire « /home/flavien/inmoov_python3_ws/build/CMakeFiles/CMakeTmp »
Makefile:126: recipe for target 'cmTC_3f493/fast' failed
make: *** [cmTC_3f493/fast] Error 2

File /home/flavien/inmoov_python3_ws/build/CMakeFiles/CMakeTmp/CheckSymbolExists.c:
/* */
#include <pthread.h>

int main(int argc, char** argv)
{
  (void)argv;
#ifndef pthread_create
  return ((int*)(&pthread_create))[argc];
#else
  (void)argc;
  return 0;
#endif
}

Determining if the function pthread_create exists in the pthreads failed with the following output:
Change Dir: /home/flavien/inmoov_python3_ws/build/CMakeFiles/CMakeTmp

Run Build Command:"/usr/bin/make" "cmTC_c5a90/fast"
/usr/bin/make -f CMakeFiles/cmTC_c5a90.dir/build.make CMakeFiles/cmTC_c5a90.dir/build
make[1] : on entre dans le répertoire « /home/flavien/inmoov_python3_ws/build/CMakeFiles/CMakeTmp »
Building C object CMakeFiles/cmTC_c5a90.dir/CheckFunctionExists.c.o
/usr/bin/cc   -DCHECK_FUNCTION_EXISTS=pthread_create   -o CMakeFiles/cmTC_c5a90.dir/CheckFunctionExists.c.o   -c /usr/share/cmake-3.10/Modules/CheckFunctionExists.c
Linking C executable cmTC_c5a90
/usr/bin/cmake -E cmake_link_script CMakeFiles/cmTC_c5a90.dir/link.txt --verbose=1
/usr/bin/cc  -DCHECK_FUNCTION_EXISTS=pthread_create    -rdynamic CMakeFiles/cmTC_c5a90.dir/CheckFunctionExists.c.o  -o cmTC_c5a90 -lpthreads 
/usr/bin/ld : ne peut trouver -lpthreads
collect2: error: ld returned 1 exit status
CMakeFiles/cmTC_c5a90.dir/build.make:97: recipe for target 'cmTC_c5a90' failed
make[1]: *** [cmTC_c5a90] Error 1
make[1] : on quitte le répertoire « /home/flavien/inmoov_python3_ws/build/CMakeFiles/CMakeTmp »
Makefile:126: recipe for target 'cmTC_c5a90/fast' failed
make: *** [cmTC_c5a90/fast] Error 2


